<?xml version="1.0" encoding="UTF-8"?>
<testsuite xmlns:xsi="http://www.w3.org/2001/XMLSchema-instance" xsi:noNamespaceSchemaLocation="https://maven.apache.org/surefire/maven-surefire-plugin/xsd/surefire-test-report.xsd" name="org.apache.skywalking.apm.agent.core.conf.SnifferConfigInitializerTest" time="0.078" tests="6" errors="0" skipped="0" failures="0">
  <properties>
    <property name="sun.desktop" value="windows"/>
    <property name="awt.toolkit" value="sun.awt.windows.WToolkit"/>
    <property name="file.encoding.pkg" value="sun.io"/>
    <property name="java.specification.version" value="1.8"/>
    <property name="sun.cpu.isalist" value="amd64"/>
    <property name="sun.jnu.encoding" value="GBK"/>
    <property name="java.class.path" value="D:\sky\sky\apache-skywalking-apm-8.5.0\apm-sniffer\apm-agent-core\target\test-classes;D:\sky\sky\apache-skywalking-apm-8.5.0\apm-sniffer\apm-agent-core\target\classes;D:\sky\maven_libs2\org\apache\skywalking\apm-network\8.5.0\apm-network-8.5.0.jar;D:\sky\maven_libs2\io\grpc\grpc-netty\1.32.1\grpc-netty-1.32.1.jar;D:\sky\maven_libs2\io\netty\netty-codec-http2\4.1.51.Final\netty-codec-http2-4.1.51.Final.jar;D:\sky\maven_libs2\io\netty\netty-common\4.1.51.Final\netty-common-4.1.51.Final.jar;D:\sky\maven_libs2\io\netty\netty-buffer\4.1.51.Final\netty-buffer-4.1.51.Final.jar;D:\sky\maven_libs2\io\netty\netty-transport\4.1.51.Final\netty-transport-4.1.51.Final.jar;D:\sky\maven_libs2\io\netty\netty-resolver\4.1.51.Final\netty-resolver-4.1.51.Final.jar;D:\sky\maven_libs2\io\netty\netty-codec\4.1.51.Final\netty-codec-4.1.51.Final.jar;D:\sky\maven_libs2\io\netty\netty-handler\4.1.51.Final\netty-handler-4.1.51.Final.jar;D:\sky\maven_libs2\io\netty\netty-codec-http\4.1.51.Final\netty-codec-http-4.1.51.Final.jar;D:\sky\maven_libs2\io\netty\netty-handler-proxy\4.1.51.Final\netty-handler-proxy-4.1.51.Final.jar;D:\sky\maven_libs2\io\netty\netty-codec-socks\4.1.51.Final\netty-codec-socks-4.1.51.Final.jar;D:\sky\maven_libs2\io\perfmark\perfmark-api\0.19.0\perfmark-api-0.19.0.jar;D:\sky\maven_libs2\io\grpc\grpc-protobuf\1.32.1\grpc-protobuf-1.32.1.jar;D:\sky\maven_libs2\io\grpc\grpc-api\1.32.1\grpc-api-1.32.1.jar;D:\sky\maven_libs2\com\google\protobuf\protobuf-java\3.12.0\protobuf-java-3.12.0.jar;D:\sky\maven_libs2\com\google\api\grpc\proto-google-common-protos\1.17.0\proto-google-common-protos-1.17.0.jar;D:\sky\maven_libs2\io\grpc\grpc-protobuf-lite\1.32.1\grpc-protobuf-lite-1.32.1.jar;D:\sky\maven_libs2\io\grpc\grpc-stub\1.32.1\grpc-stub-1.32.1.jar;D:\sky\maven_libs2\io\netty\netty-tcnative-boringssl-static\2.0.26.Final\netty-tcnative-boringssl-static-2.0.26.Final.jar;D:\sky\maven_libs2\org\apache\skywalking\apm-util\8.5.0\apm-util-8.5.0.jar;D:\sky\maven_libs2\net\bytebuddy\byte-buddy\1.10.19\byte-buddy-1.10.19.jar;D:\sky\maven_libs2\com\google\code\gson\gson\2.8.6\gson-2.8.6.jar;D:\sky\maven_libs2\net\bytebuddy\byte-buddy-agent\1.10.19\byte-buddy-agent-1.10.19.jar;D:\sky\maven_libs2\com\github\tomakehurst\wiremock\2.6.0\wiremock-2.6.0.jar;D:\sky\maven_libs2\org\eclipse\jetty\jetty-server\9.2.13.v20150730\jetty-server-9.2.13.v20150730.jar;D:\sky\maven_libs2\javax\servlet\javax.servlet-api\3.1.0\javax.servlet-api-3.1.0.jar;D:\sky\maven_libs2\org\eclipse\jetty\jetty-http\9.2.13.v20150730\jetty-http-9.2.13.v20150730.jar;D:\sky\maven_libs2\org\eclipse\jetty\jetty-io\9.2.13.v20150730\jetty-io-9.2.13.v20150730.jar;D:\sky\maven_libs2\org\eclipse\jetty\jetty-servlet\9.2.13.v20150730\jetty-servlet-9.2.13.v20150730.jar;D:\sky\maven_libs2\org\eclipse\jetty\jetty-security\9.2.13.v20150730\jetty-security-9.2.13.v20150730.jar;D:\sky\maven_libs2\org\eclipse\jetty\jetty-servlets\9.2.13.v20150730\jetty-servlets-9.2.13.v20150730.jar;D:\sky\maven_libs2\org\eclipse\jetty\jetty-continuation\9.2.13.v20150730\jetty-continuation-9.2.13.v20150730.jar;D:\sky\maven_libs2\org\eclipse\jetty\jetty-util\9.2.13.v20150730\jetty-util-9.2.13.v20150730.jar;D:\sky\maven_libs2\org\eclipse\jetty\jetty-webapp\9.2.13.v20150730\jetty-webapp-9.2.13.v20150730.jar;D:\sky\maven_libs2\org\eclipse\jetty\jetty-xml\9.2.13.v20150730\jetty-xml-9.2.13.v20150730.jar;D:\sky\maven_libs2\com\google\guava\guava\20.0\guava-20.0.jar;D:\sky\maven_libs2\org\apache\httpcomponents\httpclient\4.5.1\httpclient-4.5.1.jar;D:\sky\maven_libs2\org\apache\httpcomponents\httpcore\4.4.3\httpcore-4.4.3.jar;D:\sky\maven_libs2\commons-logging\commons-logging\1.2\commons-logging-1.2.jar;D:\sky\maven_libs2\commons-codec\commons-codec\1.9\commons-codec-1.9.jar;D:\sky\maven_libs2\org\xmlunit\xmlunit-core\2.3.0\xmlunit-core-2.3.0.jar;D:\sky\maven_libs2\org\xmlunit\xmlunit-legacy\2.3.0\xmlunit-legacy-2.3.0.jar;D:\sky\maven_libs2\com\jayway\jsonpath\json-path\2.2.0\json-path-2.2.0.jar;D:\sky\maven_libs2\net\minidev\json-smart\2.2.1\json-smart-2.2.1.jar;D:\sky\maven_libs2\net\minidev\accessors-smart\1.1\accessors-smart-1.1.jar;D:\sky\maven_libs2\org\ow2\asm\asm\5.0.3\asm-5.0.3.jar;D:\sky\maven_libs2\net\sf\jopt-simple\jopt-simple\4.9\jopt-simple-4.9.jar;D:\sky\maven_libs2\org\apache\commons\commons-lang3\3.4\commons-lang3-3.4.jar;D:\sky\maven_libs2\com\flipkart\zjsonpatch\zjsonpatch\0.3.0\zjsonpatch-0.3.0.jar;D:\sky\maven_libs2\org\apache\commons\commons-collections4\4.1\commons-collections4-4.1.jar;D:\sky\maven_libs2\com\github\jknack\handlebars\4.0.6\handlebars-4.0.6.jar;D:\sky\maven_libs2\org\antlr\antlr4-runtime\4.5.1-1\antlr4-runtime-4.5.1-1.jar;D:\sky\maven_libs2\io\grpc\grpc-testing\1.32.1\grpc-testing-1.32.1.jar;D:\sky\maven_libs2\io\grpc\grpc-core\1.32.1\grpc-core-1.32.1.jar;D:\sky\maven_libs2\com\google\android\annotations\4.1.1.4\annotations-4.1.1.4.jar;D:\sky\maven_libs2\io\opencensus\opencensus-api\0.24.0\opencensus-api-0.24.0.jar;D:\sky\maven_libs2\io\grpc\grpc-context\1.32.1\grpc-context-1.32.1.jar;D:\sky\maven_libs2\com\google\code\findbugs\jsr305\3.0.2\jsr305-3.0.2.jar;D:\sky\maven_libs2\com\google\errorprone\error_prone_annotations\2.3.4\error_prone_annotations-2.3.4.jar;D:\sky\maven_libs2\org\codehaus\mojo\animal-sniffer-annotations\1.18\animal-sniffer-annotations-1.18.jar;D:\sky\maven_libs2\org\apache\skywalking\apm-datacarrier\8.5.0\apm-datacarrier-8.5.0.jar;D:\sky\maven_libs2\com\github\stefanbirkner\system-rules\1.18.0\system-rules-1.18.0.jar;D:\sky\maven_libs2\org\openjdk\jmh\jmh-generator-annprocess\1.21\jmh-generator-annprocess-1.21.jar;D:\sky\maven_libs2\org\slf4j\slf4j-api\1.7.25\slf4j-api-1.7.25.jar;D:\sky\maven_libs2\junit\junit\4.12\junit-4.12.jar;D:\sky\maven_libs2\org\hamcrest\hamcrest-core\1.3\hamcrest-core-1.3.jar;D:\sky\maven_libs2\org\powermock\powermock-module-junit4\2.0.7\powermock-module-junit4-2.0.7.jar;D:\sky\maven_libs2\org\powermock\powermock-module-junit4-common\2.0.7\powermock-module-junit4-common-2.0.7.jar;D:\sky\maven_libs2\org\powermock\powermock-reflect\2.0.7\powermock-reflect-2.0.7.jar;D:\sky\maven_libs2\org\powermock\powermock-core\2.0.7\powermock-core-2.0.7.jar;D:\sky\maven_libs2\org\javassist\javassist\3.27.0-GA\javassist-3.27.0-GA.jar;D:\sky\maven_libs2\org\powermock\powermock-api-mockito2\2.0.7\powermock-api-mockito2-2.0.7.jar;D:\sky\maven_libs2\org\powermock\powermock-api-support\2.0.7\powermock-api-support-2.0.7.jar;D:\sky\maven_libs2\org\mockito\mockito-core\3.5.13\mockito-core-3.5.13.jar;D:\sky\maven_libs2\org\objenesis\objenesis\3.1\objenesis-3.1.jar;D:\sky\maven_libs2\org\openjdk\jmh\jmh-core\1.21\jmh-core-1.21.jar;D:\sky\maven_libs2\org\apache\commons\commons-math3\3.2\commons-math3-3.2.jar;D:\sky\maven_libs2\org\projectlombok\lombok\1.18.16\lombok-1.18.16.jar;D:\sky\maven_libs2\javax\annotation\javax.annotation-api\1.3.2\javax.annotation-api-1.3.2.jar;"/>
    <property name="java.vm.vendor" value="Oracle Corporation"/>
    <property name="sun.arch.data.model" value="64"/>
    <property name="user.variant" value=""/>
    <property name="java.vendor.url" value="http://java.oracle.com/"/>
    <property name="user.timezone" value="Asia/Shanghai"/>
    <property name="java.vm.specification.version" value="1.8"/>
    <property name="os.name" value="Windows 7"/>
    <property name="user.country" value="CN"/>
    <property name="sun.java.launcher" value="SUN_STANDARD"/>
    <property name="sun.boot.library.path" value="C:\IDE\jdk1.8.0_111\jre\bin"/>
    <property name="sun.java.command" value="C:\Users\LIUPEN~1\AppData\Local\Temp\surefire5488661520295824448\surefirebooter1320011399830524729.jar C:\Users\liupeng18\AppData\Local\Temp\surefire5488661520295824448 2022-02-08T10-47-49_621-jvmRun1 surefire447609326386441157tmp surefire_02811264918720267583tmp"/>
    <property name="surefire.test.class.path" value="D:\sky\sky\apache-skywalking-apm-8.5.0\apm-sniffer\apm-agent-core\target\test-classes;D:\sky\sky\apache-skywalking-apm-8.5.0\apm-sniffer\apm-agent-core\target\classes;D:\sky\maven_libs2\org\apache\skywalking\apm-network\8.5.0\apm-network-8.5.0.jar;D:\sky\maven_libs2\io\grpc\grpc-netty\1.32.1\grpc-netty-1.32.1.jar;D:\sky\maven_libs2\io\netty\netty-codec-http2\4.1.51.Final\netty-codec-http2-4.1.51.Final.jar;D:\sky\maven_libs2\io\netty\netty-common\4.1.51.Final\netty-common-4.1.51.Final.jar;D:\sky\maven_libs2\io\netty\netty-buffer\4.1.51.Final\netty-buffer-4.1.51.Final.jar;D:\sky\maven_libs2\io\netty\netty-transport\4.1.51.Final\netty-transport-4.1.51.Final.jar;D:\sky\maven_libs2\io\netty\netty-resolver\4.1.51.Final\netty-resolver-4.1.51.Final.jar;D:\sky\maven_libs2\io\netty\netty-codec\4.1.51.Final\netty-codec-4.1.51.Final.jar;D:\sky\maven_libs2\io\netty\netty-handler\4.1.51.Final\netty-handler-4.1.51.Final.jar;D:\sky\maven_libs2\io\netty\netty-codec-http\4.1.51.Final\netty-codec-http-4.1.51.Final.jar;D:\sky\maven_libs2\io\netty\netty-handler-proxy\4.1.51.Final\netty-handler-proxy-4.1.51.Final.jar;D:\sky\maven_libs2\io\netty\netty-codec-socks\4.1.51.Final\netty-codec-socks-4.1.51.Final.jar;D:\sky\maven_libs2\io\perfmark\perfmark-api\0.19.0\perfmark-api-0.19.0.jar;D:\sky\maven_libs2\io\grpc\grpc-protobuf\1.32.1\grpc-protobuf-1.32.1.jar;D:\sky\maven_libs2\io\grpc\grpc-api\1.32.1\grpc-api-1.32.1.jar;D:\sky\maven_libs2\com\google\protobuf\protobuf-java\3.12.0\protobuf-java-3.12.0.jar;D:\sky\maven_libs2\com\google\api\grpc\proto-google-common-protos\1.17.0\proto-google-common-protos-1.17.0.jar;D:\sky\maven_libs2\io\grpc\grpc-protobuf-lite\1.32.1\grpc-protobuf-lite-1.32.1.jar;D:\sky\maven_libs2\io\grpc\grpc-stub\1.32.1\grpc-stub-1.32.1.jar;D:\sky\maven_libs2\io\netty\netty-tcnative-boringssl-static\2.0.26.Final\netty-tcnative-boringssl-static-2.0.26.Final.jar;D:\sky\maven_libs2\org\apache\skywalking\apm-util\8.5.0\apm-util-8.5.0.jar;D:\sky\maven_libs2\net\bytebuddy\byte-buddy\1.10.19\byte-buddy-1.10.19.jar;D:\sky\maven_libs2\com\google\code\gson\gson\2.8.6\gson-2.8.6.jar;D:\sky\maven_libs2\net\bytebuddy\byte-buddy-agent\1.10.19\byte-buddy-agent-1.10.19.jar;D:\sky\maven_libs2\com\github\tomakehurst\wiremock\2.6.0\wiremock-2.6.0.jar;D:\sky\maven_libs2\org\eclipse\jetty\jetty-server\9.2.13.v20150730\jetty-server-9.2.13.v20150730.jar;D:\sky\maven_libs2\javax\servlet\javax.servlet-api\3.1.0\javax.servlet-api-3.1.0.jar;D:\sky\maven_libs2\org\eclipse\jetty\jetty-http\9.2.13.v20150730\jetty-http-9.2.13.v20150730.jar;D:\sky\maven_libs2\org\eclipse\jetty\jetty-io\9.2.13.v20150730\jetty-io-9.2.13.v20150730.jar;D:\sky\maven_libs2\org\eclipse\jetty\jetty-servlet\9.2.13.v20150730\jetty-servlet-9.2.13.v20150730.jar;D:\sky\maven_libs2\org\eclipse\jetty\jetty-security\9.2.13.v20150730\jetty-security-9.2.13.v20150730.jar;D:\sky\maven_libs2\org\eclipse\jetty\jetty-servlets\9.2.13.v20150730\jetty-servlets-9.2.13.v20150730.jar;D:\sky\maven_libs2\org\eclipse\jetty\jetty-continuation\9.2.13.v20150730\jetty-continuation-9.2.13.v20150730.jar;D:\sky\maven_libs2\org\eclipse\jetty\jetty-util\9.2.13.v20150730\jetty-util-9.2.13.v20150730.jar;D:\sky\maven_libs2\org\eclipse\jetty\jetty-webapp\9.2.13.v20150730\jetty-webapp-9.2.13.v20150730.jar;D:\sky\maven_libs2\org\eclipse\jetty\jetty-xml\9.2.13.v20150730\jetty-xml-9.2.13.v20150730.jar;D:\sky\maven_libs2\com\google\guava\guava\20.0\guava-20.0.jar;D:\sky\maven_libs2\org\apache\httpcomponents\httpclient\4.5.1\httpclient-4.5.1.jar;D:\sky\maven_libs2\org\apache\httpcomponents\httpcore\4.4.3\httpcore-4.4.3.jar;D:\sky\maven_libs2\commons-logging\commons-logging\1.2\commons-logging-1.2.jar;D:\sky\maven_libs2\commons-codec\commons-codec\1.9\commons-codec-1.9.jar;D:\sky\maven_libs2\org\xmlunit\xmlunit-core\2.3.0\xmlunit-core-2.3.0.jar;D:\sky\maven_libs2\org\xmlunit\xmlunit-legacy\2.3.0\xmlunit-legacy-2.3.0.jar;D:\sky\maven_libs2\com\jayway\jsonpath\json-path\2.2.0\json-path-2.2.0.jar;D:\sky\maven_libs2\net\minidev\json-smart\2.2.1\json-smart-2.2.1.jar;D:\sky\maven_libs2\net\minidev\accessors-smart\1.1\accessors-smart-1.1.jar;D:\sky\maven_libs2\org\ow2\asm\asm\5.0.3\asm-5.0.3.jar;D:\sky\maven_libs2\net\sf\jopt-simple\jopt-simple\4.9\jopt-simple-4.9.jar;D:\sky\maven_libs2\org\apache\commons\commons-lang3\3.4\commons-lang3-3.4.jar;D:\sky\maven_libs2\com\flipkart\zjsonpatch\zjsonpatch\0.3.0\zjsonpatch-0.3.0.jar;D:\sky\maven_libs2\org\apache\commons\commons-collections4\4.1\commons-collections4-4.1.jar;D:\sky\maven_libs2\com\github\jknack\handlebars\4.0.6\handlebars-4.0.6.jar;D:\sky\maven_libs2\org\antlr\antlr4-runtime\4.5.1-1\antlr4-runtime-4.5.1-1.jar;D:\sky\maven_libs2\io\grpc\grpc-testing\1.32.1\grpc-testing-1.32.1.jar;D:\sky\maven_libs2\io\grpc\grpc-core\1.32.1\grpc-core-1.32.1.jar;D:\sky\maven_libs2\com\google\android\annotations\4.1.1.4\annotations-4.1.1.4.jar;D:\sky\maven_libs2\io\opencensus\opencensus-api\0.24.0\opencensus-api-0.24.0.jar;D:\sky\maven_libs2\io\grpc\grpc-context\1.32.1\grpc-context-1.32.1.jar;D:\sky\maven_libs2\com\google\code\findbugs\jsr305\3.0.2\jsr305-3.0.2.jar;D:\sky\maven_libs2\com\google\errorprone\error_prone_annotations\2.3.4\error_prone_annotations-2.3.4.jar;D:\sky\maven_libs2\org\codehaus\mojo\animal-sniffer-annotations\1.18\animal-sniffer-annotations-1.18.jar;D:\sky\maven_libs2\org\apache\skywalking\apm-datacarrier\8.5.0\apm-datacarrier-8.5.0.jar;D:\sky\maven_libs2\com\github\stefanbirkner\system-rules\1.18.0\system-rules-1.18.0.jar;D:\sky\maven_libs2\org\openjdk\jmh\jmh-generator-annprocess\1.21\jmh-generator-annprocess-1.21.jar;D:\sky\maven_libs2\org\slf4j\slf4j-api\1.7.25\slf4j-api-1.7.25.jar;D:\sky\maven_libs2\junit\junit\4.12\junit-4.12.jar;D:\sky\maven_libs2\org\hamcrest\hamcrest-core\1.3\hamcrest-core-1.3.jar;D:\sky\maven_libs2\org\powermock\powermock-module-junit4\2.0.7\powermock-module-junit4-2.0.7.jar;D:\sky\maven_libs2\org\powermock\powermock-module-junit4-common\2.0.7\powermock-module-junit4-common-2.0.7.jar;D:\sky\maven_libs2\org\powermock\powermock-reflect\2.0.7\powermock-reflect-2.0.7.jar;D:\sky\maven_libs2\org\powermock\powermock-core\2.0.7\powermock-core-2.0.7.jar;D:\sky\maven_libs2\org\javassist\javassist\3.27.0-GA\javassist-3.27.0-GA.jar;D:\sky\maven_libs2\org\powermock\powermock-api-mockito2\2.0.7\powermock-api-mockito2-2.0.7.jar;D:\sky\maven_libs2\org\powermock\powermock-api-support\2.0.7\powermock-api-support-2.0.7.jar;D:\sky\maven_libs2\org\mockito\mockito-core\3.5.13\mockito-core-3.5.13.jar;D:\sky\maven_libs2\org\objenesis\objenesis\3.1\objenesis-3.1.jar;D:\sky\maven_libs2\org\openjdk\jmh\jmh-core\1.21\jmh-core-1.21.jar;D:\sky\maven_libs2\org\apache\commons\commons-math3\3.2\commons-math3-3.2.jar;D:\sky\maven_libs2\org\projectlombok\lombok\1.18.16\lombok-1.18.16.jar;D:\sky\maven_libs2\javax\annotation\javax.annotation-api\1.3.2\javax.annotation-api-1.3.2.jar;"/>
    <property name="sun.cpu.endian" value="little"/>
    <property name="user.home" value="C:\Users\liupeng18"/>
    <property name="user.language" value="zh"/>
    <property name="java.specification.vendor" value="Oracle Corporation"/>
    <property name="java.home" value="C:\IDE\jdk1.8.0_111\jre"/>
    <property name="basedir" value="D:\sky\sky\apache-skywalking-apm-8.5.0\apm-sniffer\apm-agent-core"/>
    <property name="file.separator" value="\"/>
    <property name="line.separator" value="&#10;"/>
    <property name="java.vm.specification.vendor" value="Oracle Corporation"/>
    <property name="java.specification.name" value="Java Platform API Specification"/>
    <property name="java.awt.graphicsenv" value="sun.awt.Win32GraphicsEnvironment"/>
    <property name="surefire.real.class.path" value="C:\Users\LIUPEN~1\AppData\Local\Temp\surefire5488661520295824448\surefirebooter1320011399830524729.jar"/>
    <property name="sun.boot.class.path" value="C:\IDE\jdk1.8.0_111\jre\lib\resources.jar;C:\IDE\jdk1.8.0_111\jre\lib\rt.jar;C:\IDE\jdk1.8.0_111\jre\lib\sunrsasign.jar;C:\IDE\jdk1.8.0_111\jre\lib\jsse.jar;C:\IDE\jdk1.8.0_111\jre\lib\jce.jar;C:\IDE\jdk1.8.0_111\jre\lib\charsets.jar;C:\IDE\jdk1.8.0_111\jre\lib\jfr.jar;C:\IDE\jdk1.8.0_111\jre\classes"/>
    <property name="user.script" value=""/>
    <property name="sun.management.compiler" value="HotSpot 64-Bit Tiered Compilers"/>
    <property name="java.runtime.version" value="1.8.0_111-b14"/>
    <property name="user.name" value="liupeng18"/>
    <property name="path.separator" value=";"/>
    <property name="os.version" value="6.1"/>
    <property name="java.endorsed.dirs" value="C:\IDE\jdk1.8.0_111\jre\lib\endorsed"/>
    <property name="java.runtime.name" value="Java(TM) SE Runtime Environment"/>
    <property name="file.encoding" value="GBK"/>
    <property name="java.vm.name" value="Java HotSpot(TM) 64-Bit Server VM"/>
    <property name="localRepository" value="D:\sky\maven_libs2"/>
    <property name="java.vendor.url.bug" value="http://bugreport.sun.com/bugreport/"/>
    <property name="java.io.tmpdir" value="C:\Users\LIUPEN~1\AppData\Local\Temp\"/>
    <property name="idea.version" value="2020.3.1"/>
    <property name="java.version" value="1.8.0_111"/>
    <property name="user.dir" value="D:\sky\sky\apache-skywalking-apm-8.5.0\apm-sniffer\apm-agent-core"/>
    <property name="os.arch" value="amd64"/>
    <property name="java.vm.specification.name" value="Java Virtual Machine Specification"/>
    <property name="java.awt.printerjob" value="sun.awt.windows.WPrinterJob"/>
    <property name="sun.os.patch.level" value="Service Pack 1"/>
    <property name="java.library.path" value="C:\IDE\jdk1.8.0_111\jre\bin;C:\Windows\Sun\Java\bin;C:\Windows\system32;C:\Windows;D:\apache-maven-3.5.2\bin;C:\IDE\jdk1.8.0_111\bin;C:\Program Files (x86)\Common Files\NetSarang;C:\Windows\system32;C:\Windows;C:\Windows\System32\Wbem;C:\Windows\System32\WindowsPowerShell\v1.0\;C:\Program Files\TortoiseSVN\bin;C:\Program Files\Citrix\System32\;C:\Program Files\Citrix\ICAService\;C:\Program Files\PuTTY\;C:\Program Files (x86)\SSH Communications Security\SSH Secure Shell;C:\Program Files\JetBrains\IntelliJ IDEA 2020.3.1\bin;;."/>
    <property name="java.vm.info" value="mixed mode"/>
    <property name="java.vendor" value="Oracle Corporation"/>
    <property name="java.vm.version" value="25.111-b14"/>
    <property name="java.ext.dirs" value="C:\IDE\jdk1.8.0_111\jre\lib\ext;C:\Windows\Sun\Java\lib\ext"/>
    <property name="sun.io.unicode.encoding" value="UnicodeLittle"/>
    <property name="maven.repo.local" value="D:\sky\maven_libs2"/>
    <property name="java.class.version" value="52.0"/>
  </properties>
  <testcase name="testLoadConfigFromAgentOptions" classname="org.apache.skywalking.apm.agent.core.conf.SnifferConfigInitializerTest" time="0.047"/>
  <testcase name="testConfigOverriding" classname="org.apache.skywalking.apm.agent.core.conf.SnifferConfigInitializerTest" time="0"/>
  <testcase name="testAgentOptionsSeparator" classname="org.apache.skywalking.apm.agent.core.conf.SnifferConfigInitializerTest" time="0.015"/>
  <testcase name="testLoadConfigFromJavaAgentDir" classname="org.apache.skywalking.apm.agent.core.conf.SnifferConfigInitializerTest" time="0.016"/>
  <testcase name="testConfigOverridingFromSystemEnv" classname="org.apache.skywalking.apm.agent.core.conf.SnifferConfigInitializerTest" time="0"/>
  <testcase name="testAgentOptionsParser" classname="org.apache.skywalking.apm.agent.core.conf.SnifferConfigInitializerTest" time="0"/>
</testsuite>