<?xml version="1.0" encoding="UTF-8"?>
<testsuite xmlns:xsi="http://www.w3.org/2001/XMLSchema-instance" xsi:noNamespaceSchemaLocation="https://maven.apache.org/surefire/maven-surefire-plugin/xsd/surefire-test-report.xsd" name="org.apache.skywalking.apm.plugin.tomcat78x.TomcatInvokeInterceptorTest" time="6.125" tests="4" errors="0" skipped="0" failures="0">
  <properties>
    <property name="sun.desktop" value="windows"/>
    <property name="awt.toolkit" value="sun.awt.windows.WToolkit"/>
    <property name="java.specification.version" value="11"/>
    <property name="sun.cpu.isalist" value="amd64"/>
    <property name="sun.jnu.encoding" value="GBK"/>
    <property name="java.class.path" value="E:\OpenS\sky\apache-skywalking-apm-8.5.0\apm-sniffer\apm-sdk-plugin\tomcat-7.x-8.x-plugin\target\test-classes;E:\OpenS\sky\apache-skywalking-apm-8.5.0\apm-sniffer\apm-sdk-plugin\tomcat-7.x-8.x-plugin\target\classes;D:\IDE\maven_libs2\junit\junit\4.12\junit-4.12.jar;D:\IDE\maven_libs2\org\hamcrest\hamcrest-core\1.3\hamcrest-core-1.3.jar;D:\IDE\maven_libs2\org\apache\tomcat\embed\tomcat-embed-core\8.0.36\tomcat-embed-core-8.0.36.jar;D:\IDE\maven_libs2\org\apache\tomcat\embed\tomcat-embed-logging-juli\8.0.36\tomcat-embed-logging-juli-8.0.36.jar;D:\IDE\maven_libs2\org\apache\tomcat\embed\tomcat-embed-jasper\8.0.36\tomcat-embed-jasper-8.0.36.jar;D:\IDE\maven_libs2\org\apache\tomcat\embed\tomcat-embed-el\8.0.36\tomcat-embed-el-8.0.36.jar;D:\IDE\maven_libs2\org\eclipse\jdt\core\compiler\ecj\4.5\ecj-4.5.jar;D:\IDE\maven_libs2\org\apache\httpcomponents\httpclient\4.5.2\httpclient-4.5.2.jar;D:\IDE\maven_libs2\org\apache\httpcomponents\httpcore\4.4.4\httpcore-4.4.4.jar;D:\IDE\maven_libs2\commons-logging\commons-logging\1.2\commons-logging-1.2.jar;D:\IDE\maven_libs2\commons-codec\commons-codec\1.9\commons-codec-1.9.jar;D:\IDE\maven_libs2\org\apache\skywalking\apm-agent-core\8.5.0\apm-agent-core-8.5.0.jar;D:\IDE\maven_libs2\net\bytebuddy\byte-buddy\1.10.19\byte-buddy-1.10.19.jar;D:\IDE\maven_libs2\org\apache\skywalking\apm-util\8.5.0\apm-util-8.5.0.jar;D:\IDE\maven_libs2\org\apache\skywalking\apm-test-tools\8.5.0\apm-test-tools-8.5.0.jar;D:\IDE\maven_libs2\org\powermock\powermock-module-junit4\2.0.7\powermock-module-junit4-2.0.7.jar;D:\IDE\maven_libs2\org\powermock\powermock-module-junit4-common\2.0.7\powermock-module-junit4-common-2.0.7.jar;D:\IDE\maven_libs2\org\powermock\powermock-reflect\2.0.7\powermock-reflect-2.0.7.jar;D:\IDE\maven_libs2\org\powermock\powermock-core\2.0.7\powermock-core-2.0.7.jar;D:\IDE\maven_libs2\org\javassist\javassist\3.27.0-GA\javassist-3.27.0-GA.jar;D:\IDE\maven_libs2\org\powermock\powermock-api-mockito2\2.0.7\powermock-api-mockito2-2.0.7.jar;D:\IDE\maven_libs2\org\powermock\powermock-api-support\2.0.7\powermock-api-support-2.0.7.jar;D:\IDE\maven_libs2\org\mockito\mockito-core\3.5.13\mockito-core-3.5.13.jar;D:\IDE\maven_libs2\net\bytebuddy\byte-buddy-agent\1.10.19\byte-buddy-agent-1.10.19.jar;D:\IDE\maven_libs2\org\objenesis\objenesis\3.1\objenesis-3.1.jar;D:\IDE\maven_libs2\org\openjdk\jmh\jmh-core\1.21\jmh-core-1.21.jar;D:\IDE\maven_libs2\net\sf\jopt-simple\jopt-simple\4.6\jopt-simple-4.6.jar;D:\IDE\maven_libs2\org\apache\commons\commons-math3\3.2\commons-math3-3.2.jar;D:\IDE\maven_libs2\org\projectlombok\lombok\1.18.16\lombok-1.18.16.jar;D:\IDE\maven_libs2\javax\annotation\javax.annotation-api\1.3.2\javax.annotation-api-1.3.2.jar;"/>
    <property name="java.vm.vendor" value="JetBrains s.r.o."/>
    <property name="sun.arch.data.model" value="64"/>
    <property name="user.variant" value=""/>
    <property name="java.vendor.url" value="https://openjdk.java.net/"/>
    <property name="user.timezone" value="Asia/Shanghai"/>
    <property name="java.vm.specification.version" value="11"/>
    <property name="os.name" value="Windows 10"/>
    <property name="sun.java.launcher" value="SUN_STANDARD"/>
    <property name="user.country" value="CN"/>
    <property name="sun.boot.library.path" value="D:\Program Files\JetBrains\IntelliJ IDEA 2020.3.1\jbr\bin"/>
    <property name="sun.java.command" value="C:\Users\admin\AppData\Local\Temp\surefire15975764797573788577\surefirebooter2834514403802604243.jar C:\Users\admin\AppData\Local\Temp\surefire15975764797573788577 2022-01-29T10-44-21_975-jvmRun1 surefire3233935734539012639tmp surefire_06690509516442567234tmp"/>
    <property name="jdk.debug" value="release"/>
    <property name="surefire.test.class.path" value="E:\OpenS\sky\apache-skywalking-apm-8.5.0\apm-sniffer\apm-sdk-plugin\tomcat-7.x-8.x-plugin\target\test-classes;E:\OpenS\sky\apache-skywalking-apm-8.5.0\apm-sniffer\apm-sdk-plugin\tomcat-7.x-8.x-plugin\target\classes;D:\IDE\maven_libs2\junit\junit\4.12\junit-4.12.jar;D:\IDE\maven_libs2\org\hamcrest\hamcrest-core\1.3\hamcrest-core-1.3.jar;D:\IDE\maven_libs2\org\apache\tomcat\embed\tomcat-embed-core\8.0.36\tomcat-embed-core-8.0.36.jar;D:\IDE\maven_libs2\org\apache\tomcat\embed\tomcat-embed-logging-juli\8.0.36\tomcat-embed-logging-juli-8.0.36.jar;D:\IDE\maven_libs2\org\apache\tomcat\embed\tomcat-embed-jasper\8.0.36\tomcat-embed-jasper-8.0.36.jar;D:\IDE\maven_libs2\org\apache\tomcat\embed\tomcat-embed-el\8.0.36\tomcat-embed-el-8.0.36.jar;D:\IDE\maven_libs2\org\eclipse\jdt\core\compiler\ecj\4.5\ecj-4.5.jar;D:\IDE\maven_libs2\org\apache\httpcomponents\httpclient\4.5.2\httpclient-4.5.2.jar;D:\IDE\maven_libs2\org\apache\httpcomponents\httpcore\4.4.4\httpcore-4.4.4.jar;D:\IDE\maven_libs2\commons-logging\commons-logging\1.2\commons-logging-1.2.jar;D:\IDE\maven_libs2\commons-codec\commons-codec\1.9\commons-codec-1.9.jar;D:\IDE\maven_libs2\org\apache\skywalking\apm-agent-core\8.5.0\apm-agent-core-8.5.0.jar;D:\IDE\maven_libs2\net\bytebuddy\byte-buddy\1.10.19\byte-buddy-1.10.19.jar;D:\IDE\maven_libs2\org\apache\skywalking\apm-util\8.5.0\apm-util-8.5.0.jar;D:\IDE\maven_libs2\org\apache\skywalking\apm-test-tools\8.5.0\apm-test-tools-8.5.0.jar;D:\IDE\maven_libs2\org\powermock\powermock-module-junit4\2.0.7\powermock-module-junit4-2.0.7.jar;D:\IDE\maven_libs2\org\powermock\powermock-module-junit4-common\2.0.7\powermock-module-junit4-common-2.0.7.jar;D:\IDE\maven_libs2\org\powermock\powermock-reflect\2.0.7\powermock-reflect-2.0.7.jar;D:\IDE\maven_libs2\org\powermock\powermock-core\2.0.7\powermock-core-2.0.7.jar;D:\IDE\maven_libs2\org\javassist\javassist\3.27.0-GA\javassist-3.27.0-GA.jar;D:\IDE\maven_libs2\org\powermock\powermock-api-mockito2\2.0.7\powermock-api-mockito2-2.0.7.jar;D:\IDE\maven_libs2\org\powermock\powermock-api-support\2.0.7\powermock-api-support-2.0.7.jar;D:\IDE\maven_libs2\org\mockito\mockito-core\3.5.13\mockito-core-3.5.13.jar;D:\IDE\maven_libs2\net\bytebuddy\byte-buddy-agent\1.10.19\byte-buddy-agent-1.10.19.jar;D:\IDE\maven_libs2\org\objenesis\objenesis\3.1\objenesis-3.1.jar;D:\IDE\maven_libs2\org\openjdk\jmh\jmh-core\1.21\jmh-core-1.21.jar;D:\IDE\maven_libs2\net\sf\jopt-simple\jopt-simple\4.6\jopt-simple-4.6.jar;D:\IDE\maven_libs2\org\apache\commons\commons-math3\3.2\commons-math3-3.2.jar;D:\IDE\maven_libs2\org\projectlombok\lombok\1.18.16\lombok-1.18.16.jar;D:\IDE\maven_libs2\javax\annotation\javax.annotation-api\1.3.2\javax.annotation-api-1.3.2.jar;"/>
    <property name="sun.cpu.endian" value="little"/>
    <property name="user.home" value="C:\Users\admin"/>
    <property name="user.language" value="zh"/>
    <property name="java.specification.vendor" value="Oracle Corporation"/>
    <property name="java.version.date" value="2020-11-04"/>
    <property name="java.home" value="D:\Program Files\JetBrains\IntelliJ IDEA 2020.3.1\jbr"/>
    <property name="file.separator" value="\"/>
    <property name="basedir" value="E:\OpenS\sky\apache-skywalking-apm-8.5.0\apm-sniffer\apm-sdk-plugin\tomcat-7.x-8.x-plugin"/>
    <property name="java.vm.compressedOopsMode" value="Zero based"/>
    <property name="line.separator" value="&#10;"/>
    <property name="java.specification.name" value="Java Platform API Specification"/>
    <property name="java.vm.specification.vendor" value="Oracle Corporation"/>
    <property name="java.awt.graphicsenv" value="sun.awt.Win32GraphicsEnvironment"/>
    <property name="surefire.real.class.path" value="C:\Users\admin\AppData\Local\Temp\surefire15975764797573788577\surefirebooter2834514403802604243.jar"/>
    <property name="user.script" value=""/>
    <property name="sun.management.compiler" value="HotSpot 64-Bit Tiered Compilers"/>
    <property name="java.runtime.version" value="11.0.9.1+11-b1145.63"/>
    <property name="user.name" value="admin"/>
    <property name="path.separator" value=";"/>
    <property name="os.version" value="10.0"/>
    <property name="java.runtime.name" value="OpenJDK Runtime Environment"/>
    <property name="file.encoding" value="GBK"/>
    <property name="java.vm.name" value="OpenJDK 64-Bit Server VM"/>
    <property name="java.vendor.version" value="JBR-11.0.9.1.11-1145.63-jcef"/>
    <property name="localRepository" value="D:\IDE\maven_libs2"/>
    <property name="java.vendor.url.bug" value="https://bugreport.java.com/bugreport/"/>
    <property name="java.io.tmpdir" value="C:\Users\admin\AppData\Local\Temp\"/>
    <property name="idea.version" value="2020.3.1"/>
    <property name="java.version" value="11.0.9.1"/>
    <property name="user.dir" value="E:\OpenS\sky\apache-skywalking-apm-8.5.0\apm-sniffer\apm-sdk-plugin\tomcat-7.x-8.x-plugin"/>
    <property name="os.arch" value="amd64"/>
    <property name="java.vm.specification.name" value="Java Virtual Machine Specification"/>
    <property name="java.awt.printerjob" value="sun.awt.windows.WPrinterJob"/>
    <property name="sun.os.patch.level" value=""/>
    <property name="java.library.path" value="D:\Program Files\JetBrains\IntelliJ IDEA 2020.3.1\jbr\bin;C:\windows\Sun\Java\bin;C:\windows\system32;C:\windows;C:\Program Files (x86)\Common Files\NetSarang;D:\IDE\jdk1.8.0_111\bin;C:\Program Files (x86)\Intel\Intel(R) Management Engine Components\iCLS\;C:\Program Files\Intel\Intel(R) Management Engine Components\iCLS\;C:\windows\system32;C:\windows;C:\windows\System32\Wbem;C:\windows\System32\WindowsPowerShell\v1.0\;C:\windows\System32\OpenSSH\;C:\Program Files (x86)\Intel\Intel(R) Management Engine Components\DAL;C:\Program Files\Intel\Intel(R) Management Engine Components\DAL;C:\Program Files (x86)\Intel\Intel(R) Management Engine Components\IPT;C:\Program Files\Intel\Intel(R) Management Engine Components\IPT;C:\Program Files (x86)\NVIDIA Corporation\PhysX\Common;C:\Program Files\NVIDIA Corporation\NVIDIA NvDLISR;C:\Program Files (x86)\IDM Computer Solutions\UltraCompare;C:\Program Files (x86)\IDM Computer Solutions\UltraEdit;D:\IDE\apache-maven-3.6.3\bin;D:\Program Files\Git\cmd;C:\Program Files\TortoiseSVN\bin;D:\Program Files\mingw-w64\x86_64-8.1.0-win32-seh-rt_v6-rev0\mingw64\\bin;D:\IDE\go\bin;C:\Users\admin\AppData\Local\Microsoft\WindowsApps;;D:\Program Files\JetBrains\IntelliJ IDEA 2020.3.1\bin;;D:\Programs\Microsoft VS Code\bin;."/>
    <property name="java.vm.info" value="mixed mode"/>
    <property name="java.vendor" value="JetBrains s.r.o."/>
    <property name="java.vm.version" value="11.0.9.1+11-b1145.63"/>
    <property name="sun.io.unicode.encoding" value="UnicodeLittle"/>
    <property name="java.class.version" value="55.0"/>
  </properties>
  <testcase name="testWithTomcatException" classname="org.apache.skywalking.apm.plugin.tomcat78x.TomcatInvokeInterceptorTest" time="4.822"/>
  <testcase name="testWithSerializedContextData" classname="org.apache.skywalking.apm.plugin.tomcat78x.TomcatInvokeInterceptorTest" time="0.023"/>
  <testcase name="testWithOccurException" classname="org.apache.skywalking.apm.plugin.tomcat78x.TomcatInvokeInterceptorTest" time="0.017"/>
  <testcase name="testWithoutSerializedContextData" classname="org.apache.skywalking.apm.plugin.tomcat78x.TomcatInvokeInterceptorTest" time="0.01"/>
</testsuite>